<?xml version="1.0" encoding="UTF-8"?>
<!-- Generated by org.testng.reporters.JUnitXMLReporter -->
<testsuite hostname="DEV-DESK-ST" name="Test" tests="6" failures="0" timestamp="6 Dec 2016 09:53:41 GMT" time="82.996" errors="0">
  <testcase name="multiplePeopleWithSameFirstname" time="14.741" classname="CapstonesTesting.JohnLewisFS_QCT"/>
  <testcase name="multiplePeopleWithSameFullNameUseInitial" time="9.95" classname="CapstonesTesting.JohnLewisFS_QCT"/>
  <testcase name="multiplePeopleWithSameSurname" time="10.11" classname="CapstonesTesting.JohnLewisFS_QCT"/>
  <testcase name="personDoesNotExistInKeysearch" time="10.007" classname="CapstonesTesting.JohnLewisFS_QCT"/>
  <testcase name="personExistInKeysearch" time="9.033" classname="CapstonesTesting.JohnLewisFS_QCT"/>
  <testcase name="usePersonsInitial" time="11.125" classname="CapstonesTesting.JohnLewisFS_QCT"/>
</testsuite> <!-- Test -->
